<?xml version="1.0" encoding="UTF-8"?>
<!-- Generated by org.testng.reporters.JUnitReportReporter -->
<testsuite hostname="192.168.3.11" name="com.bageframework.dao.JdbcTest" tests="1" failures="0" timestamp="26 Jun 2016 04:06:23 GMT" time="0.738" errors="0">
  <testcase name="testAdd" time="0.738" classname="com.bageframework.dao.JdbcTest"/>
</testsuite> <!-- com.bageframework.dao.JdbcTest -->
